TN:
SF:client/src/components/BugForm.jsx
FN:4,BugForm
FN:8,(anonymous_1)
FN:20,(anonymous_2)
FN:24,(anonymous_3)
FNF:4
FNH:4
FNDA:5,BugForm
FNDA:2,(anonymous_1)
FNDA:1,(anonymous_2)
FNDA:1,(anonymous_3)
DA:5,5
DA:6,5
DA:8,5
DA:9,2
DA:10,2
DA:11,1
DA:12,1
DA:13,1
DA:16,5
DA:20,1
DA:24,1
DA:31,1
LF:12
LH:12
BRDA:10,0,0,1
BRDA:10,0,1,1
BRF:2
BRH:2
end_of_record
TN:
SF:client/src/components/BugList.jsx
FN:4,BugList
FN:9,(anonymous_1)
FN:17,(anonymous_2)
FN:23,(anonymous_3)
FNF:4
FNH:4
FNDA:1,BugList
FNDA:2,(anonymous_1)
FNDA:2,(anonymous_2)
FNDA:1,(anonymous_3)
DA:5,1
DA:10,2
DA:17,2
DA:23,1
DA:31,1
LF:5
LH:5
BRF:0
BRH:0
end_of_record
TN:
SF:client/src/components/Button.jsx
FN:4,(anonymous_0)
FN:16,(anonymous_1)
FN:28,Button
FN:33,(anonymous_3)
FNF:4
FNH:4
FNDA:14,(anonymous_0)
FNDA:14,(anonymous_1)
FNDA:14,Button
FNDA:1,(anonymous_3)
DA:4,2
DA:5,14
DA:7,1
DA:9,1
DA:12,12
DA:16,2
DA:17,14
DA:19,1
DA:21,1
DA:24,12
DA:29,14
DA:33,14
DA:34,1
DA:35,1
DA:38,14
DA:45,2
LF:16
LH:16
BRDA:5,0,0,1
BRDA:5,0,1,1
BRDA:5,0,2,12
BRDA:5,0,3,12
BRDA:17,1,0,1
BRDA:17,1,1,1
BRDA:17,1,2,12
BRDA:17,1,3,12
BRDA:28,2,0,11
BRDA:28,3,0,11
BRDA:28,4,0,11
BRDA:28,5,0,13
BRDA:29,6,0,3
BRDA:29,6,1,11
BRDA:34,7,0,0
BRDA:34,7,1,1
BRDA:35,8,0,1
BRDA:35,8,1,0
BRF:18
BRH:16
end_of_record
TN:
SF:client/src/components/ErrorBoundary.jsx
FN:9,(anonymous_0)
FN:19,(anonymous_1)
FN:24,(anonymous_2)
FN:27,(anonymous_3)
FN:40,(anonymous_4)
FN:48,(anonymous_5)
FNF:6
FNH:6
FNDA:15,(anonymous_0)
FNDA:16,(anonymous_1)
FNDA:8,(anonymous_2)
FNDA:8,(anonymous_3)
FNDA:1,(anonymous_4)
FNDA:42,(anonymous_5)
DA:10,15
DA:11,14
DA:21,16
DA:26,8
DA:27,8
DA:34,8
DA:35,8
DA:36,1
DA:40,14
DA:41,1
DA:49,42
DA:50,24
DA:95,18
DA:99,1
DA:105,1
LF:15
LH:15
BRDA:35,0,0,1
BRDA:35,0,1,7
BRDA:49,1,0,24
BRDA:49,1,1,18
BRDA:63,2,0,24
BRDA:63,2,1,3
BRDA:66,3,0,3
BRDA:66,3,1,1
BRDA:68,4,0,3
BRDA:68,4,1,1
BRDA:86,5,0,24
BRDA:86,5,1,3
BRF:12
BRH:12
end_of_record
TN:
SF:client/src/hooks/useToggle.js
FN:3,useToggle
FN:5,(anonymous_1)
FN:5,(anonymous_2)
FN:6,(anonymous_3)
FNF:4
FNH:4
FNDA:4,useToggle
FNDA:1,(anonymous_1)
FNDA:1,(anonymous_2)
FNDA:1,(anonymous_3)
DA:4,4
DA:5,4
DA:6,4
DA:7,4
LF:4
LH:4
BRDA:3,0,0,2
BRF:1
BRH:1
end_of_record
TN:
SF:client/src/utils/formatDate.js
FN:1,formatDateISO
FNF:1
FNH:1
FNDA:2,formatDateISO
DA:3,2
DA:4,2
DA:5,2
DA:6,2
DA:7,2
LF:5
LH:5
BRF:0
BRH:0
end_of_record
